24/11/2025 17:53:54 | ERROR | Main_GestionSOLPED | ERROR GLOBAL: WriteLog() missing 1 required positional argument: 'task_name' | Traceback (most recent call last):
  File "c:\Users\CGRPA009\Documents\SOLPED-main\SOLPED\NetApplications\PY\AutomatizacionGestionSolped\HU\HU2_DescargaME5A.py", line 20, in EjecutarHU02
    DescargarSolpedME5A(session, estado)
  File "c:\Users\CGRPA009\Documents\SOLPED-main\SOLPED\NetApplications\PY\AutomatizacionGestionSolped\Funciones\DescargarSolpedME5A.py", line 76, in DescargarSolpedME5A
    session.findById("wnd[1]/usr/ctxtDY_PATH").text = r"C:\NetApplications\PY\AutomatizacionGestionSolped\Insumo"
    ^^^^^^^^^^^^^^^^^^^^^^^^^^^^^^^^^^^^^^^^^^
  File "<COMObject <unknown>>", line 2, in findById
pywintypes.com_error: (-2147352567, 'Exception occurred.', (619, 'SAP Frontend Server', 'The control could not be found by id.', 'C:\\Program Files (x86)\\SAP\\FrontEnd\\SapGui\\sapfront.HLP', 393215, 0), None)

During handling of the above exception, another exception occurred:

Traceback (most recent call last):
  File "c:\Users\CGRPA009\Documents\SOLPED-main\SOLPED\NetApplications\PY\AutomatizacionGestionSolped\Main_GestionSOLPED.py", line 27, in Main_GestionSOLPED
    EjecutarHU02(session)
  File "c:\Users\CGRPA009\Documents\SOLPED-main\SOLPED\NetApplications\PY\AutomatizacionGestionSolped\HU\HU2_DescargaME5A.py", line 26, in EjecutarHU02
    WriteLog(path_log="logs/error.log",mensaje=f"ERROR GLOBAL: {e} | {error_text}",estado="ERROR")
TypeError: WriteLog() missing 1 required positional argument: 'task_name'
 | WPRUFABRICC1 | CGRPA009
24/11/2025 17:55:40 | ERROR | Main_GestionSOLPED | ERROR GLOBAL: (-2147352567, 'Exception occurred.', (619, 'SAP Frontend Server', 'The control could not be found by id.', 'C:\\Program Files (x86)\\SAP\\FrontEnd\\SapGui\\sapfront.HLP', 393215, 0), None) | Traceback (most recent call last):
  File "c:\Users\CGRPA009\Documents\SOLPED-main\SOLPED\NetApplications\PY\AutomatizacionGestionSolped\HU\HU2_DescargaME5A.py", line 20, in EjecutarHU02
    DescargarSolpedME5A(session, estado)
  File "c:\Users\CGRPA009\Documents\SOLPED-main\SOLPED\NetApplications\PY\AutomatizacionGestionSolped\Funciones\DescargarSolpedME5A.py", line 76, in DescargarSolpedME5A
    session.findById("wnd[1]/usr/ctxtDY_PATH").text = r"C:\NetApplications\PY\AutomatizacionGestionSolped\Insumo"
    ^^^^^^^^^^^^^^^^^^^^^^^^^^^^^^^^^^^^^^^^^^
  File "<COMObject <unknown>>", line 2, in findById
pywintypes.com_error: (-2147352567, 'Exception occurred.', (619, 'SAP Frontend Server', 'The control could not be found by id.', 'C:\\Program Files (x86)\\SAP\\FrontEnd\\SapGui\\sapfront.HLP', 393215, 0), None)
 | WPRUFABRICC1 | CGRPA009
24/11/2025 17:55:40 | ERROR | Main_GestionSOLPED | ERROR GLOBAL: (-2147352567, 'Exception occurred.', (619, 'SAP Frontend Server', 'The control could not be found by id.', 'C:\\Program Files (x86)\\SAP\\FrontEnd\\SapGui\\sapfront.HLP', 393215, 0), None) | Traceback (most recent call last):
  File "c:\Users\CGRPA009\Documents\SOLPED-main\SOLPED\NetApplications\PY\AutomatizacionGestionSolped\Main_GestionSOLPED.py", line 27, in Main_GestionSOLPED
    EjecutarHU02(session)
  File "c:\Users\CGRPA009\Documents\SOLPED-main\SOLPED\NetApplications\PY\AutomatizacionGestionSolped\HU\HU2_DescargaME5A.py", line 20, in EjecutarHU02
    DescargarSolpedME5A(session, estado)
  File "c:\Users\CGRPA009\Documents\SOLPED-main\SOLPED\NetApplications\PY\AutomatizacionGestionSolped\Funciones\DescargarSolpedME5A.py", line 76, in DescargarSolpedME5A
    session.findById("wnd[1]/usr/ctxtDY_PATH").text = r"C:\NetApplications\PY\AutomatizacionGestionSolped\Insumo"
    ^^^^^^^^^^^^^^^^^^^^^^^^^^^^^^^^^^^^^^^^^^
  File "<COMObject <unknown>>", line 2, in findById
pywintypes.com_error: (-2147352567, 'Exception occurred.', (619, 'SAP Frontend Server', 'The control could not be found by id.', 'C:\\Program Files (x86)\\SAP\\FrontEnd\\SapGui\\sapfront.HLP', 393215, 0), None)
 | WPRUFABRICC1 | CGRPA009
